<?xml version="1.0" encoding="UTF-8"?>
<testng-results ignored="0" total="1" passed="1" failed="0" skipped="0">
  <reporter-output>
  </reporter-output>
  <suite started-at="2026-03-11T15:53:15 IST" name="Default suite" finished-at="2026-03-11T15:53:18 IST" duration-ms="3665">
    <groups>
    </groups>
    <test started-at="2026-03-11T15:53:15 IST" name="Default test" finished-at="2026-03-11T15:53:18 IST" duration-ms="3665">
      <class name="pojo.ShopperLogin">
        <test-method is-config="true" signature="login()[pri:0, instance:pojo.ShopperLogin@2ef3eef9]" started-at="2026-03-11T15:53:15 IST" name="login" finished-at="2026-03-11T15:53:17 IST" duration-ms="2832" status="PASS">
          <reporter-output>
          </reporter-output>
        </test-method> <!-- login -->
        <test-method signature="loginTest()[pri:0, instance:pojo.ShopperLogin@2ef3eef9]" started-at="2026-03-11T15:53:17 IST" name="loginTest" finished-at="2026-03-11T15:53:18 IST" duration-ms="797" status="PASS">
          <reporter-output>
          </reporter-output>
        </test-method> <!-- loginTest -->
      </class> <!-- pojo.ShopperLogin -->
    </test> <!-- Default test -->
  </suite> <!-- Default suite -->
</testng-results>
