<?xml version="1.0" encoding="UTF-8"?>
<!-- Generated by org.testng.reporters.JUnitReportReporter -->
<testsuite hostname="LAPTOP-FGGADBFU" failures="0" tests="3" name="shopper.ShopperLoginTest" time="2.828" errors="0" timestamp="2026-03-11T10:46:04 IST" skipped="1">
  <testcase classname="shopper.ShopperLoginTest" name="loginTest2" time="2.285"/>
  <testcase classname="shopper.ShopperLoginTest" name="fetchData" time="0.543"/>
  <testcase classname="shopper.ShopperLoginTest" name="loginTest">
    <skipped/>
  </testcase> <!-- loginTest -->
</testsuite> <!-- shopper.ShopperLoginTest -->
